<?xml version="1.0" encoding="UTF-8"?>
<!-- Generated by org.testng.reporters.JUnitReportReporter -->
<testsuite skipped="0" hostname="Vedangs-Mini" name="com.crm.qa.testcases.DealsPageTest" tests="2" failures="0" timestamp="14 Nov 2019 23:52:42 GMT" time="18.125" errors="0">
  <testcase name="verifyDealsPageLableTest" time="8.995" classname="com.crm.qa.testcases.DealsPageTest"/>
  <testcase name="verifySearchbarTest" time="9.130" classname="com.crm.qa.testcases.DealsPageTest"/>
</testsuite> <!-- com.crm.qa.testcases.DealsPageTest -->
