<?xml version="1.0" encoding="UTF-8"?>
<!-- Generated by org.testng.reporters.JUnitReportReporter -->
<testsuite skipped="0" hostname="Vedangs-Mini" name="com.crm.qa.tesecases.LoginPageTest" tests="2" failures="0" timestamp="22 Oct 2019 15:23:56 GMT" time="16.277" errors="0">
  <testcase name="loginPageTitle" time="5.446" classname="com.crm.qa.tesecases.LoginPageTest"/>
  <testcase name="loginTest" time="10.831" classname="com.crm.qa.tesecases.LoginPageTest"/>
</testsuite> <!-- com.crm.qa.tesecases.LoginPageTest -->
