<?xml version="1.0" encoding="UTF-8"?>
<!-- Generated by org.testng.reporters.JUnitReportReporter -->
<testsuite skipped="0" hostname="Vedangs-Mini" name="com.crm.qa.tesecases.HomePageTest" tests="5" failures="0" timestamp="28 Oct 2019 18:02:04 GMT" time="85.924" errors="0">
  <testcase name="verifyHomePageTitleTest" time="14.957" classname="com.crm.qa.tesecases.HomePageTest"/>
  <testcase name="verifyHomePageNameLabel" time="18.328" classname="com.crm.qa.tesecases.HomePageTest"/>
  <testcase name="verifyContactPageLinkTest" time="17.198" classname="com.crm.qa.tesecases.HomePageTest"/>
  <testcase name="verifyDealsPageLinkTest" time="19.266" classname="com.crm.qa.tesecases.HomePageTest"/>
  <testcase name="verifyTaskPageTest" time="16.175" classname="com.crm.qa.tesecases.HomePageTest"/>
</testsuite> <!-- com.crm.qa.tesecases.HomePageTest -->
