<?xml version="1.0" encoding="UTF-8"?>
<!-- Generated by org.testng.reporters.JUnitReportReporter -->
<testsuite skipped="0" hostname="Vedangs-Mini" name="com.crm.qa.testcases.LoginPageTest" tests="2" failures="0" timestamp="14 Nov 2019 23:52:42 GMT" time="12.193" errors="0">
  <testcase name="loginPageTitle" time="4.482" classname="com.crm.qa.testcases.LoginPageTest"/>
  <testcase name="loginTest" time="7.711" classname="com.crm.qa.testcases.LoginPageTest"/>
</testsuite> <!-- com.crm.qa.testcases.LoginPageTest -->
