<?xml version="1.0" encoding="UTF-8"?>
<!-- Generated by org.testng.reporters.JUnitReportReporter -->
<testsuite skipped="0" hostname="Vedangs-Mini" name="com.crm.qa.testcases.ContactsPageTest" tests="6" failures="0" timestamp="14 Nov 2019 23:52:42 GMT" time="76.461" errors="0">
  <testcase name="selectMultiContactsTest" time="10.544" classname="com.crm.qa.testcases.ContactsPageTest"/>
  <testcase name="selectcontactTest" time="12.698" classname="com.crm.qa.testcases.ContactsPageTest"/>
  <testcase name="validateCreateNewContact" time="12.270" classname="com.crm.qa.testcases.ContactsPageTest"/>
  <testcase name="validateCreateNewContact" time="15.961" classname="com.crm.qa.testcases.ContactsPageTest"/>
  <testcase name="validateCreateNewContact" time="16.109" classname="com.crm.qa.testcases.ContactsPageTest"/>
  <testcase name="verifyConatctsPageLabelTest" time="8.879" classname="com.crm.qa.testcases.ContactsPageTest"/>
</testsuite> <!-- com.crm.qa.testcases.ContactsPageTest -->
