<?xml version="1.0" encoding="UTF-8"?>
<!-- Generated by org.testng.reporters.JUnitReportReporter -->
<testsuite skipped="0" hostname="Vedangs-Mini" name="com.crm.qa.testcases.HomePageTest" tests="4" failures="0" timestamp="14 Nov 2019 23:52:42 GMT" time="38.408" errors="0">
  <testcase name="verifyContactPageLinkTest" time="9.162" classname="com.crm.qa.testcases.HomePageTest"/>
  <testcase name="verifyHomePageNameLabel" time="10.568" classname="com.crm.qa.testcases.HomePageTest"/>
  <testcase name="verifyHomePageTitleTest" time="8.369" classname="com.crm.qa.testcases.HomePageTest"/>
  <testcase name="verifyDealsPageLinkTest" time="10.309" classname="com.crm.qa.testcases.HomePageTest"/>
</testsuite> <!-- com.crm.qa.testcases.HomePageTest -->
